<?xml version="1.0" encoding="UTF-8"?>
<testsuite xmlns:xsi="http://www.w3.org/2001/XMLSchema-instance" xsi:noNamespaceSchemaLocation="https://maven.apache.org/surefire/maven-surefire-plugin/xsd/surefire-test-report-3.0.xsd" version="3.0" name="com.example.db_team.DbTeamApplicationTests" time="22.03" tests="1" errors="0" skipped="0" failures="0">
  <properties>
[...]
</properties>
  <testcase name="contextLoads" classname="com.example.db_team.DbTeamApplicationTests" time="2.644">
    <system-out><![CDATA[19:53:20.697 [main] INFO org.springframework.test.context.support.AnnotationConfigContextLoaderUtils -- Could not detect default configuration classes for test class [com.example.db_team.DbTeamApplicationTests]: DbTeamApplicationTests does not declare any static, non-private, non-final, nested classes annotated with @Configuration.
19:53:21.152 [main] INFO org.springframework.boot.test.context.SpringBootTestContextBootstrapper -- Found @SpringBootConfiguration com.example.db_team.DbTeamApplication for test class com.example.db_team.DbTeamApplicationTests

  .   ____          _            __ _ _
 /\\ / ___'_ __ _ _(_)_ __  __ _ \ \ \ \
( ( )\___ | '_ | '_| | '_ \/ _` | \ \ \ \
 \\/  ___)| |_)| | | | | || (_| |  ) ) ) )
  '  |____| .__|_| |_|_| |_\__, | / / / /
 =========|_|==============|___/=/_/_/_/

 :: Spring Boot ::                (v3.3.5)

2024-11-11T19:53:22.643+09:00  INFO 12788 --- [DB_Team] [           main] c.e.db_team.DbTeamApplicationTests       : Starting DbTeamApplicationTests using Java 17.0.7 with PID 12788 (started by nihao in D:\WineProject\DB_TP_2024)
2024-11-11T19:53:22.647+09:00  INFO 12788 --- [DB_Team] [           main] c.e.db_team.DbTeamApplicationTests       : No active profile set, falling back to 1 default profile: "default"
2024-11-11T19:53:25.633+09:00  INFO 12788 --- [DB_Team] [           main] .s.d.r.c.RepositoryConfigurationDelegate : Bootstrapping Spring Data JPA repositories in DEFAULT mode.
2024-11-11T19:53:25.733+09:00  INFO 12788 --- [DB_Team] [           main] .s.d.r.c.RepositoryConfigurationDelegate : Finished Spring Data repository scanning in 77 ms. Found 0 JPA repository interfaces.
2024-11-11T19:53:27.250+09:00  INFO 12788 --- [DB_Team] [           main] com.zaxxer.hikari.HikariDataSource       : HikariPool-1 - Starting...
2024-11-11T19:53:28.640+09:00  INFO 12788 --- [DB_Team] [           main] com.zaxxer.hikari.pool.HikariPool        : HikariPool-1 - Added connection com.mysql.cj.jdbc.ConnectionImpl@4f1afe8f
2024-11-11T19:53:28.646+09:00  INFO 12788 --- [DB_Team] [           main] com.zaxxer.hikari.HikariDataSource       : HikariPool-1 - Start completed.
2024-11-11T19:53:28.823+09:00  INFO 12788 --- [DB_Team] [           main] o.hibernate.jpa.internal.util.LogHelper  : HHH000204: Processing PersistenceUnitInfo [name: default]
2024-11-11T19:53:29.270+09:00  INFO 12788 --- [DB_Team] [           main] org.hibernate.Version                    : HHH000412: Hibernate ORM core version 6.5.3.Final
2024-11-11T19:53:29.449+09:00  INFO 12788 --- [DB_Team] [           main] o.h.c.internal.RegionFactoryInitiator    : HHH000026: Second-level cache disabled
2024-11-11T19:53:30.822+09:00  INFO 12788 --- [DB_Team] [           main] o.s.o.j.p.SpringPersistenceUnitInfo      : No LoadTimeWeaver setup: ignoring JPA class transformer
2024-11-11T19:53:32.206+09:00  INFO 12788 --- [DB_Team] [           main] o.h.e.t.j.p.i.JtaPlatformInitiator       : HHH000489: No JTA platform available (set 'hibernate.transaction.jta.platform' to enable JTA platform integration)
2024-11-11T19:53:32.243+09:00  INFO 12788 --- [DB_Team] [           main] j.LocalContainerEntityManagerFactoryBean : Initialized JPA EntityManagerFactory for persistence unit 'default'
2024-11-11T19:53:33.135+09:00  WARN 12788 --- [DB_Team] [           main] JpaBaseConfiguration$JpaWebConfiguration : spring.jpa.open-in-view is enabled by default. Therefore, database queries may be performed during view rendering. Explicitly configure spring.jpa.open-in-view to disable this warning
2024-11-11T19:53:33.217+09:00  INFO 12788 --- [DB_Team] [           main] o.s.b.a.w.s.WelcomePageHandlerMapping    : Adding welcome page: class path resource [static/index.html]
2024-11-11T19:53:39.359+09:00  INFO 12788 --- [DB_Team] [           main] c.e.db_team.DbTeamApplicationTests       : Started DbTeamApplicationTests in 17.675 seconds (process running for 21.185)
]]></system-out>
  </testcase>
</testsuite>